#-----------------------------------------------------------
# Vivado v2019.2 (64-bit)
# SW Build 2700185 on Thu Oct 24 18:46:05 MDT 2019
# IP Build 2699827 on Thu Oct 24 21:16:38 MDT 2019
# Start of session at: Mon Nov 18 19:21:32 2019
# Process ID: 22572
# Current directory: C:/Users/ASUS/Documents/WeChat Files/xpc_1025/FileStorage/File/2019-11/project_3/project_3
# Command line: vivado.exe -gui_launcher_event rodinguilauncherevent22684 C:\Users\ASUS\Documents\WeChat Files\xpc_1025\FileStorage\File\2019-11\project_3\project_3\project_3.xpr
# Log file: C:/Users/ASUS/Documents/WeChat Files/xpc_1025/FileStorage/File/2019-11/project_3/project_3/vivado.log
# Journal file: C:/Users/ASUS/Documents/WeChat Files/xpc_1025/FileStorage/File/2019-11/project_3/project_3\vivado.jou
#-----------------------------------------------------------
start_gui
open_project {C:/Users/ASUS/Documents/WeChat Files/xpc_1025/FileStorage/File/2019-11/project_3/project_3/project_3.xpr}
INFO: [ProjectBase 1-489] The host OS only allows 260 characters in a normal path. The project is stored in a path with more than 80 characters. If you experience issues with IP, Block Designs, or files not being found, please consider moving the project to a location with a shorter path. Alternately consider using the OS subst command to map part of the path to a drive letter.
Current project path is 'C:/Users/ASUS/Documents/WeChat Files/xpc_1025/FileStorage/File/2019-11/project_3/project_3'
INFO: [Project 1-313] Project file moved from 'C:/Users/Dell/Desktop/project_3' since last save.
Scanning sources...
Finished scanning sources
INFO: [Project 1-230] Project 'project_3.xpr' upgraded for this version of Vivado.
INFO: [IP_Flow 19-234] Refreshing IP repositories
INFO: [IP_Flow 19-1704] No user IP repositories specified
INFO: [IP_Flow 19-2313] Loaded Vivado IP repository 'D:/Xilinx/Vivado/2019.2/data/ip'.
open_project: Time (s): cpu = 00:00:13 ; elapsed = 00:00:06 . Memory (MB): peak = 769.086 ; gain = 125.297
update_compile_order -fileset sources_1
open_hw_manager
connect_hw_server -allow_non_jtag
INFO: [Labtools 27-2285] Connecting to hw_server url TCP:localhost:3121
INFO: [Labtools 27-2222] Launching hw_server...
INFO: [Labtools 27-2221] Launch Output:

****** Xilinx hw_server v2019.2
  **** Build date : Oct 24 2019 at 19:17:01
    ** Copyright 1986-2019 Xilinx, Inc. All Rights Reserved.


INFO: [Labtools 27-3415] Connecting to cs_server url TCP:localhost:3042
INFO: [Labtools 27-3417] Launching cs_server...
INFO: [Labtools 27-2221] Launch Output:


****** Xilinx cs_server v2019.2.0
  **** Build date : Oct 25 2019-09:33:05
    ** Copyright 2017-2019 Xilinx, Inc. All Rights Reserved.



connect_hw_server: Time (s): cpu = 00:00:01 ; elapsed = 00:00:09 . Memory (MB): peak = 787.914 ; gain = 17.617
open_hw_target
INFO: [Labtoolstcl 44-466] Opening hw_target localhost:3121/xilinx_tcf/Digilent/210183A37ECEA
set_property PROGRAM.FILE {C:/Users/ASUS/Documents/WeChat Files/xpc_1025/FileStorage/File/2019-11/project_3/project_3/project_3.runs/impl_1/lab_6.bit} [get_hw_devices xc7a35t_0]
current_hw_device [get_hw_devices xc7a35t_0]
refresh_hw_device -update_hw_probes false [lindex [get_hw_devices xc7a35t_0] 0]
INFO: [Labtools 27-1435] Device xc7a35t (JTAG device index = 0) is not programmed (DONE status = 0).
set_property PROBES.FILE {} [get_hw_devices xc7a35t_0]
set_property FULL_PROBES.FILE {} [get_hw_devices xc7a35t_0]
set_property PROGRAM.FILE {C:/Users/ASUS/Documents/WeChat Files/xpc_1025/FileStorage/File/2019-11/project_3/project_3/project_3.runs/impl_1/lab_6.bit} [get_hw_devices xc7a35t_0]
program_hw_devices [get_hw_devices xc7a35t_0]
INFO: [Labtools 27-3164] End of startup status: HIGH
refresh_hw_device [lindex [get_hw_devices xc7a35t_0] 0]
INFO: [Labtools 27-1434] Device xc7a35t (JTAG device index = 0) is programmed with a design that has no supported debug core(s) in it.
close_hw_manager
