#-----------------------------------------------------------
# Vivado v2019.2 (64-bit)
# SW Build 2700185 on Thu Oct 24 18:46:05 MDT 2019
# IP Build 2699827 on Thu Oct 24 21:16:38 MDT 2019
# Start of session at: Mon Dec  2 14:16:56 2019
# Process ID: 27208
# Current directory: C:/Users/ASUS/Documents/WeChat Files/xpc_1025/FileStorage/File/2019-12/lab_7/lab_7
# Command line: vivado.exe -gui_launcher_event rodinguilauncherevent27336 C:\Users\ASUS\Documents\WeChat Files\xpc_1025\FileStorage\File\2019-12\lab_7\lab_7\lab_7.xpr
# Log file: C:/Users/ASUS/Documents/WeChat Files/xpc_1025/FileStorage/File/2019-12/lab_7/lab_7/vivado.log
# Journal file: C:/Users/ASUS/Documents/WeChat Files/xpc_1025/FileStorage/File/2019-12/lab_7/lab_7\vivado.jou
#-----------------------------------------------------------
start_gui
exit
INFO: [Common 17-206] Exiting Vivado at Mon Dec  2 16:06:37 2019...
ile/2019-12/lab_7/lab_7/lab_7.xpr}
INFO: [ProjectBase 1-489] The host OS only allows 260 characters in a normal path. The project is stored in a path with more than 80 characters. If you experience issues with IP, Block Designs, or files not being found, please consider moving the project to a location with a shorter path. Alternately consider using the OS subst command to map part of the path to a drive letter.
Current project path is 'C:/Users/ASUS/Documents/WeChat Files/xpc_1025/FileStorage/File/2019-12/lab_7/lab_7'
INFO: [Project 1-313] Project file moved from 'C:/Users/Dell/Desktop/lab_7' since last save.
Scanning sources...
Finished scanning sources
INFO: [Project 1-230] Project 'lab_7.xpr' upgraded for this version of Vivado.
INFO: [IP_Flow 19-234] Refreshing IP repositories
INFO: [IP_Flow 19-1704] No user IP repositories specified
INFO: [IP_Flow 19-2313] Loaded Vivado IP repository 'D:/Xilinx/Vivado/2019.2/data/ip'.
open_project: Time (s): cpu = 00:00:12 ; elapsed = 00:00:06 . Memory (MB): peak = 771.301 ; gain = 130.270
update_compile_order -fileset sources_1
open_hw_manager
connect_hw_server -allow_non_jtag
INFO: [Labtools 27-2285] Connecting to hw_server url TCP:localhost:3121
INFO: [Labtools 27-2222] Launching hw_server...
INFO: [Labtools 27-2221] Launch Output:

****** Xilinx hw_server v2019.2
  **** Build date : Oct 24 2019 at 19:17:01
    ** Copyright 1986-2019 Xilinx, Inc. All Rights Reserved.


INFO: [Labtools 27-3415] Connecting to cs_server url TCP:localhost:3042
INFO: [Labtools 27-3417] Launching cs_server...
INFO: [Labtools 27-2221] Launch Output:


****** Xilinx cs_server v2019.2.0
  **** Build date : Oct 25 2019-09:33:05
    ** Copyright 2017-2019 Xilinx, Inc. All Rights Reserved.



connect_hw_server: Time (s): cpu = 00:00:00 ; elapsed = 00:00:10 . Memory (MB): peak = 845.461 ; gain = 0.000
open_hw_target
INFO: [Labtoolstcl 44-466] Opening hw_target localhost:3121/xilinx_tcf/Digilent/210183A37ECEA
set_property PROGRAM.FILE {C:/Users/ASUS/Documents/WeChat Files/xpc_1025/FileStorage/File/2019-12/lab_7/lab_7/lab_7.runs/impl_1/lab5.bit} [get_hw_devices xc7a35t_0]
current_hw_device [get_hw_devices xc7a35t_0]
refresh_hw_device -update_hw_probes false [lindex [get_hw_devices xc7a35t_0] 0]
INFO: [Labtools 27-1435] Device xc7a35t (JTAG device index = 0) is not programmed (DONE status = 0).
set_property PROBES.FILE {} [get_hw_devices xc7a35t_0]
set_property FULL_PROBES.FILE {} [get_hw_devices xc7a35t_0]
set_property PROGRAM.FILE {C:/Users/ASUS/Documents/WeChat Files/xpc_1025/FileStorage/File/2019-12/lab_7/lab_7/lab_7.runs/impl_1/lab5.bit} [get_hw_devices xc7a35t_0]
program_hw_devices [get_hw_devices xc7a35t_0]
INFO: [Labtools 27-3164] End of startup status: HIGH
refresh_hw_device [lindex [get_hw_devices xc7a35t_0] 0]
INFO: [Labtools 27-1434] Device xc7a35t (JTAG device index = 0) is programmed with a design that has no supported debug core(s) in it.
close_hw_manager
reset_run synth_1
launch_runs synth_1 -jobs 4
[Mon Dec  2 14:20:36 2019] Launched synth_1...
Run output will be captured here: C:/Users/ASUS/Documents/WeChat Files/xpc_1025/FileStorage/File/2019-12/lab_7/lab_7/lab_7.runs/synth_1/runme.log
reset_run synth_1
WARNING: [Vivado 12-1017] Problems encountered:
1. PID not specified

launch_runs synth_1 -jobs 4
[Mon Dec  2 14:21:44 2019] Launched synth_1...
Run output will be captured here: C:/Users/ASUS/Documents/WeChat Files/xpc_1025/FileStorage/File/2019-12/lab_7/lab_7/lab_7.runs/synth_1/runme.log
reset_run synth_1
WARNING: [Vivado 12-1017] Problems encountered:
1. PID not specified

exit
INFO: [Common 17-206] Exiting Vivado at Mon Dec  2 16:06:48 2019...
